\BOOKMARK [0][-]{chapter.1}{DEA}{}% 1
\BOOKMARK [1][-]{section.1.1}{Introduzione}{chapter.1}% 2
\BOOKMARK [0][-]{chapter.2}{Metodi Test DEA}{}% 3
\BOOKMARK [1][-]{section.2.1}{CCR}{chapter.2}% 4
\BOOKMARK [1][-]{section.2.2}{BCC}{chapter.2}% 5
\BOOKMARK [1][-]{section.2.3}{ADDITIVE MODEL}{chapter.2}% 6
\BOOKMARK [1][-]{section.2.4}{SBM MODEL}{chapter.2}% 7
\BOOKMARK [1][-]{section.2.5}{HYBRID}{chapter.2}% 8
\BOOKMARK [2][-]{subsection.2.5.1}{Decomposizione inefficienza}{section.2.5}% 9
\BOOKMARK [0][-]{chapter.3}{Ritorno di Scala}{}% 10
\BOOKMARK [1][-]{section.3.1}{Ritorno di scala}{chapter.3}% 11
\BOOKMARK [1][-]{section.3.2}{Il ritorno di scale del BBC-Model}{chapter.3}% 12
\BOOKMARK [1][-]{section.3.3}{Il ritorno di scale del CCR-Model}{chapter.3}% 13
\BOOKMARK [1][-]{section.3.4}{Grandezze di scala produttive}{chapter.3}% 14
\BOOKMARK [1][-]{section.3.5}{Rilassamento della condizione di convessit\341}{chapter.3}% 15
\BOOKMARK [2][-]{subsection.3.5.1}{Increasing Returns-to-Scale \(IRS\) Model}{section.3.5}% 16
\BOOKMARK [2][-]{subsection.3.5.2}{Decreasing Returns-to-Scale \(DRS\) Model}{section.3.5}% 17
\BOOKMARK [2][-]{subsection.3.5.3}{Generalized Returns-to-Scale \(DRS\) Model}{section.3.5}% 18
\BOOKMARK [1][-]{section.3.6}{Decomposizione dell'inefficienza tecnica}{chapter.3}% 19
\BOOKMARK [2][-]{subsection.3.6.1}{Scale efficiency}{section.3.6}% 20
\BOOKMARK [0][-]{chapter.4}{Modelli con moltiplicatori limitati}{}% 21
\BOOKMARK [1][-]{section.4.1}{Assurance Region Method}{chapter.4}% 22
\BOOKMARK [0][-]{chapter.5}{Variabili non Discrezionali}{}% 23
\BOOKMARK [1][-]{section.5.1}{NCN}{chapter.5}% 24
\BOOKMARK [1][-]{section.5.2}{NDSC}{chapter.5}% 25
\BOOKMARK [1][-]{section.5.3}{BND}{chapter.5}% 26
\BOOKMARK [0][-]{chapter.6}{Test svolti}{}% 27
\BOOKMARK [1][-]{section.6.1}{Definizione Input}{chapter.6}% 28
\BOOKMARK [1][-]{section.6.2}{Definizione Output}{chapter.6}% 29
